<?xml version="1.0" encoding="UTF-8"?>
<!-- Generated by org.testng.reporters.JUnitReportReporter -->
<testsuite hostname="DESKTOP-KG9FEO1" failures="0" tests="5" name="cucumberOptions.TestRunner" time="0.248" errors="0" timestamp="2024-06-09T17:28:27 IST" skipped="0">
  <testcase classname="cucumberOptions.TestRunner" name="runScenario" time="0.142"/>
  <testcase classname="cucumberOptions.TestRunner" name="runScenario" time="0.021"/>
  <testcase classname="cucumberOptions.TestRunner" name="runScenario" time="0.020"/>
  <testcase classname="cucumberOptions.TestRunner" name="runScenario" time="0.024"/>
  <testcase classname="cucumberOptions.TestRunner" name="runScenario" time="0.041"/>
</testsuite> <!-- cucumberOptions.TestRunner -->
